<?xml version="1.0" encoding="UTF-8"?>
<testng-results ignored="0" total="1" passed="1" failed="0" skipped="0">
  <reporter-output>
  </reporter-output>
  <suite started-at="2020-11-04T19:08:16 CET" name="Default suite" finished-at="2020-11-04T19:08:18 CET" duration-ms="2178">
    <groups>
    </groups>
    <test started-at="2020-11-04T19:08:16 CET" name="Default test" finished-at="2020-11-04T19:08:18 CET" duration-ms="2178">
      <class name="Test01_GET">
        <test-method signature="test_01()[pri:0, instance:Test01_GET@2928854b]" started-at="2020-11-04T19:08:16 CET" name="test_01" finished-at="2020-11-04T19:08:18 CET" duration-ms="2131" status="PASS">
          <reporter-output>
          </reporter-output>
        </test-method> <!-- test_01 -->
      </class> <!-- Test01_GET -->
    </test> <!-- Default test -->
  </suite> <!-- Default suite -->
</testng-results>
